[2024-11-07 10:16:33] INFO: GTDB-Tk v2.1.1
[2024-11-07 10:16:33] INFO: gtdbtk classify_wf --genome_dir data/ --out_dir results/01.gtdbtk/ -x fa --cpus 40
[2024-11-07 10:16:33] INFO: Using GTDB-Tk reference data version r207: /data/bases/gtdbtk
[2024-11-07 10:16:33] ERROR: No genomes found in directory: data/. Check the --extension flag used to identify genomes.
[2024-11-07 10:16:33] ERROR: Controlled exit resulting from an unrecoverable error or warning.
[2024-11-07 10:19:00] INFO: GTDB-Tk v2.1.1
[2024-11-07 10:19:00] INFO: gtdbtk classify_wf --genome_dir data/ --out_dir results/01.gtdbtk/ -x fasta --cpus 40
[2024-11-07 10:19:00] INFO: Using GTDB-Tk reference data version r207: /data/bases/gtdbtk
[2024-11-07 10:19:00] INFO: Identifying markers in 8 genomes with 40 threads.
[2024-11-07 10:19:00] TASK: Running Prodigal V2.6.3 to identify genes.
[2024-11-07 10:20:15] INFO: Completed 8 genomes in 1.24 minutes (6.44 genomes/minute).
[2024-11-07 10:20:15] TASK: Identifying TIGRFAM protein families.
[2024-11-07 10:20:20] INFO: Completed 8 genomes in 4.91 seconds (1.63 genomes/second).
[2024-11-07 10:20:20] TASK: Identifying Pfam protein families.
[2024-11-07 10:20:20] INFO: Completed 8 genomes in 0.43 seconds (18.61 genomes/second).
[2024-11-07 10:20:20] INFO: Annotations done using HMMER 3.1b2 (February 2015).
[2024-11-07 10:20:20] TASK: Summarising identified marker genes.
[2024-11-07 10:20:21] INFO: Completed 8 genomes in 0.31 seconds (25.80 genomes/second).
[2024-11-07 10:20:21] INFO: Done.
[2024-11-07 10:20:21] INFO: Aligning markers in 8 genomes with 40 CPUs.
[2024-11-07 10:20:21] INFO: Processing 8 genomes identified as bacterial.
[2024-11-07 10:20:47] INFO: Read concatenated alignment for 62,291 GTDB genomes.
[2024-11-07 10:20:47] TASK: Generating concatenated alignment for each marker.
[2024-11-07 10:20:50] INFO: Completed 8 genomes in 0.05 seconds (155.03 genomes/second).
[2024-11-07 10:20:51] TASK: Aligning 120 identified markers using hmmalign 3.1b2 (February 2015).
[2024-11-07 10:20:57] INFO: Completed 120 markers in 1.60 seconds (75.06 markers/second).
[2024-11-07 10:20:57] TASK: Masking columns of bacterial multiple sequence alignment using canonical mask.
[2024-11-07 10:23:24] INFO: Completed 62,299 sequences in 2.46 minutes (25,375.46 sequences/minute).
[2024-11-07 10:23:24] INFO: Masked bacterial alignment from 41,084 to 5,036 AAs.
[2024-11-07 10:23:24] INFO: 0 bacterial user genomes have amino acids in <10.0% of columns in filtered MSA.
[2024-11-07 10:23:24] INFO: Creating concatenated alignment for 62,299 bacterial GTDB and user genomes.
[2024-11-07 10:23:53] INFO: Creating concatenated alignment for 8 bacterial user genomes.
[2024-11-07 10:23:53] INFO: Done.
[2024-11-07 10:23:53] TASK: Placing 8 bacterial genomes into backbone reference tree with pplacer using 40 CPUs (be patient).
[2024-11-07 10:23:54] INFO: pplacer version: v1.1.alpha19-0-g807f6f3
[2024-11-07 10:26:49] INFO: Calculating RED values based on reference tree.
[2024-11-07 10:26:49] INFO: 8 out of 8 have an class assignments. Those genomes will be reclassified.
[2024-11-07 10:26:49] TASK: Placing 5 bacterial genomes into class-level reference tree 1 (1/3) with pplacer using 40 CPUs (be patient).
[2024-11-07 10:34:49] INFO: Calculating RED values based on reference tree.
[2024-11-07 10:34:51] TASK: Traversing tree to determine classification method.
[2024-11-07 10:34:51] INFO: Completed 5 genomes in 0.00 seconds (1,011.99 genomes/second).
[2024-11-07 10:34:51] TASK: Calculating average nucleotide identity using FastANI (v1.3).
[2024-11-07 10:35:13] INFO: Completed 416 comparisons in 21.51 seconds (19.34 comparisons/second).
[2024-11-07 10:35:13] INFO: 5 genome(s) have been classified using FastANI and pplacer.
[2024-11-07 10:35:13] TASK: Placing 2 bacterial genomes into class-level reference tree 4 (2/3) with pplacer using 40 CPUs (be patient).
[2024-11-07 10:43:49] INFO: Calculating RED values based on reference tree.
[2024-11-07 10:43:52] TASK: Traversing tree to determine classification method.
[2024-11-07 10:43:52] INFO: Completed 2 genomes in 0.00 seconds (2,157.01 genomes/second).
[2024-11-07 10:43:53] TASK: Calculating average nucleotide identity using FastANI (v1.3).
[2024-11-07 10:44:01] INFO: Completed 112 comparisons in 7.90 seconds (14.17 comparisons/second).
[2024-11-07 10:44:01] INFO: 2 genome(s) have been classified using FastANI and pplacer.
[2024-11-07 10:44:01] TASK: Placing 1 bacterial genomes into class-level reference tree 3 (3/3) with pplacer using 40 CPUs (be patient).
[2024-11-07 10:51:57] INFO: Calculating RED values based on reference tree.
[2024-11-07 10:51:59] TASK: Traversing tree to determine classification method.
[2024-11-07 10:51:59] INFO: Completed 1 genome in 0.00 seconds (3,146.51 genomes/second).
[2024-11-07 10:51:59] TASK: Calculating average nucleotide identity using FastANI (v1.3).
[2024-11-07 10:52:05] INFO: Completed 32 comparisons in 5.37 seconds (5.96 comparisons/second).
[2024-11-07 10:52:05] INFO: 1 genome(s) have been classified using FastANI and pplacer.
[2024-11-07 10:52:05] INFO: Note that Tk classification mode is insufficient for publication of new taxonomic designations. New designations should be based on one or more de novo trees, an example of which can be produced by Tk in de novo mode.
[2024-11-07 10:52:05] INFO: Done.
[2024-11-07 10:52:05] INFO: Removing intermediate files.
[2024-11-07 10:52:05] INFO: Intermediate files removed.
[2024-11-07 10:52:05] INFO: Done.
