2025-03-03 12:04:06,041 [INFO]:  ---- This is MicrobeAnnotator v2.0.5 ---- 
2025-03-03 12:04:06,041 [INFO]: Validating user inputs
2025-03-03 12:04:06,046 [INFO]: Passed
2025-03-03 12:04:06,046 [INFO]: Processing 31 files. I will run 2 files in parallel with 20 threads per file.
2025-03-03 12:04:06,046 [INFO]: Running in light mode. Searching only KOfam and Swissprot using diamond.
2025-03-03 12:04:07,002 [INFO]: Searching proteins against KOfam profiles
2025-03-03 12:04:07,002 [INFO]: Parsing HMM profile metadata
2025-03-03 12:05:10,958 [INFO]: Filtering and saving results...
2025-03-03 12:05:11,062 [INFO]: Search against KOfam done!
2025-03-03 12:06:16,949 [INFO]: Filtering and saving results...
2025-03-03 12:06:17,029 [INFO]: Search against KOfam done!
2025-03-03 12:08:19,115 [INFO]: Filtering and saving results...
2025-03-03 12:08:19,301 [INFO]: Search against KOfam done!
2025-03-03 12:10:15,235 [INFO]: Filtering and saving results...
2025-03-03 12:10:15,411 [INFO]: Search against KOfam done!
2025-03-03 12:11:21,914 [INFO]: Filtering and saving results...
2025-03-03 12:11:22,011 [INFO]: Search against KOfam done!
2025-03-03 12:12:24,363 [INFO]: Filtering and saving results...
2025-03-03 12:12:24,575 [INFO]: Search against KOfam done!
2025-03-03 12:14:19,571 [INFO]: Filtering and saving results...
2025-03-03 12:14:19,755 [INFO]: Search against KOfam done!
2025-03-03 12:16:20,072 [INFO]: Filtering and saving results...
2025-03-03 12:16:20,251 [INFO]: Search against KOfam done!
2025-03-03 12:18:52,882 [INFO]: Filtering and saving results...
2025-03-03 12:18:53,130 [INFO]: Search against KOfam done!
2025-03-03 12:19:56,209 [INFO]: Filtering and saving results...
2025-03-03 12:19:56,309 [INFO]: Search against KOfam done!
2025-03-03 12:21:33,812 [INFO]: Filtering and saving results...
2025-03-03 12:21:33,986 [INFO]: Search against KOfam done!
2025-03-03 12:23:15,111 [INFO]: Filtering and saving results...
2025-03-03 12:23:15,287 [INFO]: Search against KOfam done!
2025-03-03 12:25:16,477 [INFO]: Filtering and saving results...
2025-03-03 12:25:16,689 [INFO]: Search against KOfam done!
2025-03-03 12:27:46,553 [INFO]: Filtering and saving results...
2025-03-03 12:27:46,830 [INFO]: Search against KOfam done!
2025-03-03 12:28:57,215 [INFO]: Filtering and saving results...
2025-03-03 12:28:57,345 [INFO]: Search against KOfam done!
2025-03-03 12:31:40,956 [INFO]: Filtering and saving results...
2025-03-03 12:31:41,242 [INFO]: Search against KOfam done!
2025-03-03 12:34:36,425 [INFO]: Filtering and saving results...
2025-03-03 12:34:36,702 [INFO]: Search against KOfam done!
2025-03-03 12:35:42,050 [INFO]: Filtering and saving results...
2025-03-03 12:35:42,148 [INFO]: Search against KOfam done!
2025-03-03 12:36:54,079 [INFO]: Filtering and saving results...
2025-03-03 12:36:54,202 [INFO]: Search against KOfam done!
2025-03-03 12:37:57,855 [INFO]: Filtering and saving results...
2025-03-03 12:37:57,962 [INFO]: Search against KOfam done!
2025-03-03 12:40:01,499 [INFO]: Filtering and saving results...
2025-03-03 12:40:01,736 [INFO]: Search against KOfam done!
2025-03-03 12:42:03,185 [INFO]: Filtering and saving results...
2025-03-03 12:42:03,434 [INFO]: Search against KOfam done!
2025-03-03 12:43:01,488 [INFO]: Filtering and saving results...
2025-03-03 12:43:01,586 [INFO]: Search against KOfam done!
2025-03-03 12:43:40,295 [INFO]: Filtering and saving results...
2025-03-03 12:43:40,363 [INFO]: Search against KOfam done!
2025-03-03 12:44:16,488 [INFO]: Filtering and saving results...
2025-03-03 12:44:16,549 [INFO]: Search against KOfam done!
2025-03-03 12:47:46,044 [INFO]: Filtering and saving results...
2025-03-03 12:47:46,386 [INFO]: Search against KOfam done!
2025-03-03 12:49:54,417 [INFO]: Filtering and saving results...
2025-03-03 12:49:54,630 [INFO]: Search against KOfam done!
2025-03-03 12:51:49,457 [INFO]: Filtering and saving results...
2025-03-03 12:51:49,697 [INFO]: Search against KOfam done!
2025-03-03 12:54:12,647 [INFO]: Filtering and saving results...
2025-03-03 12:54:12,882 [INFO]: Search against KOfam done!
2025-03-03 12:55:16,144 [INFO]: Filtering and saving results...
2025-03-03 12:55:16,262 [INFO]: Search against KOfam done!
2025-03-03 12:56:35,757 [INFO]: Filtering and saving results...
2025-03-03 12:56:35,903 [INFO]: Search against KOfam done!
2025-03-03 12:56:35,957 [INFO]: Searching proteins against Swissprot
2025-03-03 12:56:35,957 [INFO]: Extracting Swissprot annotation data
2025-03-03 12:56:35,960 [INFO]: Improving annotations by searching matches in other databases
2025-03-03 12:56:37,038 [INFO]: Extracting ko numbers and summarizing results
2025-03-03 12:57:10,093 [INFO]: MicrobeAnnotator has finished succefully!
